{
  "stats": {
    "suites": 1,
    "tests": 1,
    "passes": 0,
    "pending": 0,
    "failures": 1,
    "start": "2021-03-27T16:01:47.522Z",
    "end": "2021-03-27T16:01:56.811Z",
    "duration": 9289,
    "testsRegistered": 1,
    "passPercent": 0,
    "pendingPercent": 0,
    "other": 0,
    "hasOther": false,
    "skipped": 0,
    "hasSkipped": false
  },
  "results": [
    {
      "uuid": "8514e1f3-c4fd-426a-8864-bd3c99115f9e",
      "title": "",
      "fullFile": "cypress\\integration\\teste.feature",
      "file": "cypress\\integration\\teste.feature",
      "beforeHooks": [],
      "afterHooks": [],
      "tests": [],
      "suites": [
        {
          "uuid": "215016bf-fc69-4261-8b6f-cb8c38a0bb73",
          "title": "Automaçao de formulário",
          "fullFile": "",
          "file": "",
          "beforeHooks": [],
          "afterHooks": [],
          "tests": [
            {
              "title": "Preencher campo primeiro nome",
              "fullTitle": "Automaçao de formulário Preencher campo primeiro nome",
              "timedOut": null,
              "duration": 9161,
              "state": "failed",
              "speed": null,
              "pass": false,
              "fail": true,
              "pending": false,
              "context": null,
              "code": "const state = window.testState;\nreturn cy\n  .then(() => state.onStartScenario(scenario, indexedSteps))\n  .then(() =>\n    resolveAndRunBeforeHooks.call(this, scenario.tags, state.feature.name)\n  )\n  .then(() =>\n    indexedSteps.forEach((step) =>\n      stepTest.call(this, state, step, rowData)\n    )\n  )\n  .then(() =>\n    resolveAndRunAfterHooks.call(this, scenario.tags, state.feature.name)\n  )\n  .then(() => state.onFinishScenario(scenario));",
              "err": {
                "message": "CypressError: `cy.type()` can only be called on a single element. Your subject contained 14 elements.\n\nhttps://on.cypress.io/type",
                "estack": "CypressError: `cy.type()` can only be called on a single element. Your subject contained 14 elements.\n\nhttps://on.cypress.io/type\n    at Context.type (http://demo.automationtesting.in/__cypress/runner/cypress_runner.js:154972:17)\n    at Context.<anonymous> (http://demo.automationtesting.in/__cypress/runner/cypress_runner.js:171546:21)\nFrom Your Spec Code:\n    at TestePage.preencherCampoPrimeiroNome (http://demo.automationtesting.in/__cypress/tests?p=cypress\\integration\\teste.feature:117:45)\n    at Context.eval (http://demo.automationtesting.in/__cypress/tests?p=cypress\\integration\\teste.feature:75:10)\n    at Context.resolveAndRunStepDefinition (http://demo.automationtesting.in/__cypress/tests?p=cypress\\integration\\teste.feature:10570:9)\n    at Context.eval (http://demo.automationtesting.in/__cypress/tests?p=cypress\\integration\\teste.feature:9913:35)",
                "diff": null
              },
              "uuid": "d5180a6f-0dfd-4897-aeb7-6020c8349891",
              "parentUUID": "215016bf-fc69-4261-8b6f-cb8c38a0bb73",
              "isHook": false,
              "skipped": false
            }
          ],
          "suites": [],
          "passes": [],
          "failures": [
            "d5180a6f-0dfd-4897-aeb7-6020c8349891"
          ],
          "pending": [],
          "skipped": [],
          "duration": 9161,
          "root": false,
          "rootEmpty": false,
          "_timeout": 2000
        }
      ],
      "passes": [],
      "failures": [],
      "pending": [],
      "skipped": [],
      "duration": 0,
      "root": true,
      "rootEmpty": true,
      "_timeout": 2000
    }
  ],
  "meta": {
    "mocha": {
      "version": "7.0.1"
    },
    "mochawesome": {
      "options": {
        "quiet": false,
        "reportFilename": "mochawesome",
        "saveHtml": true,
        "saveJson": true,
        "consoleReporter": "spec",
        "useInlineDiffs": false,
        "code": true
      },
      "version": "6.2.2"
    },
    "marge": {
      "options": {
        "overwrite": false
      },
      "version": "5.2.0"
    }
  }
}